 
****************************************
Report : area
Design : dualPort1024x16
Version: J-2014.09-SP5
Date   : Fri Dec 11 20:06:37 2015
****************************************

Library(s) Used:

    No libraries used.

Number of ports:                           54
Number of nets:                             0
Number of cells:                            0
Number of combinational cells:              0
Number of sequential cells:                 0
Number of macros/black boxes:               0
Number of buf/inv:                          0
Number of references:                       0

Combinational area:                  0.000000
Buf/Inv area:                        0.000000
Noncombinational area:               0.000000
Macro/Black Box area:                0.000000
Net Interconnect area:      undefined  (Wire load has zero net area)

Total cell area:                     0.000000
Total area:                 undefined
1
