 
****************************************
Report : timing
        -path full
        -delay min
        -max_paths 1
Design : dualPort1024x16
Version: J-2014.09-SP5
Date   : Fri Dec 11 20:06:37 2015
****************************************

Operating Conditions: NCCOM   Library: tcbn40lpbwptc
Wire Load Model Mode: segmented

  Startpoint: rdata[15] (internal pin)
  Endpoint: rdata[15] (output port clocked by clk)
  Path Group: (none)
  Path Type: min

  Point                                    Incr       Path
  -----------------------------------------------------------
  rdata[15] (out)                          0.00       0.00 r
  data arrival time                                   0.00
  -----------------------------------------------------------
  (Path is unconstrained)


1
